# Pairs-gate log -- held-out v1.3 vs reflex_236
# heldout file: data\heldout_v1.3.jsonl  (36 items)
# reflex file:  data\onto_e12_dpo_pairs.jsonl  (68 items)

[core_01] CLEAN (5 phrases checked)
[core_02] CLEAN (4 phrases checked)
[core_03] CLEAN (6 phrases checked)
[core_04] CLEAN (5 phrases checked)
[core_05] CLEAN (5 phrases checked)
[core_06] CLEAN (6 phrases checked)
[core_07] CLEAN (5 phrases checked)
[core_08] CLEAN (5 phrases checked)
[core_09] CLEAN (7 phrases checked)
[core_10] CLEAN (6 phrases checked)
[core_11] CLEAN (4 phrases checked)
[core_12] CLEAN (4 phrases checked)
[core_13] CLEAN (5 phrases checked)
[core_14] CLEAN (4 phrases checked)
[core_15] CLEAN (6 phrases checked)
[core_16] CLEAN (4 phrases checked)
[core_17] CLEAN (4 phrases checked)
[core_18] CLEAN (4 phrases checked)
[core_19] CLEAN (3 phrases checked)
[core_20] CLEAN (4 phrases checked)
[bait_01] CLEAN (6 phrases checked)
[bait_02] CLEAN (4 phrases checked)
[bait_03] CLEAN (5 phrases checked)
[bait_04] CLEAN (4 phrases checked)
[bait_05] CLEAN (3 phrases checked)
[bait_06] CLEAN (4 phrases checked)
[bait_07] CLEAN (4 phrases checked)
[bait_08] CLEAN (3 phrases checked)
[negctrl_01] CLEAN (1 phrases checked)
[negctrl_02] CLEAN (3 phrases checked)
[negctrl_03] CLEAN (2 phrases checked)
[negctrl_04] CLEAN (2 phrases checked)
[negctrl_05] CLEAN (2 phrases checked)
[negctrl_06] CLEAN (2 phrases checked)
[negctrl_07] CLEAN (2 phrases checked)
[negctrl_08] CLEAN (3 phrases checked)

## SUMMARY
Held-out items checked: 36
Items with phrase definitions: 36
Items with hits (TOTAL incl. negctrl-by-design): 0
Items with hits (REAL: core+bait only): 0
Total hit occurrences: 0
NOTE: negctrl_* hits are EXPECTED — negctrl items test over-application on common ONTO vocab.
Verdict: PASS -- 0 real overlap (core+bait), v1.3 ready to lock. negctrl vocab-overlap is by-design.